# JRE version: OpenJDK Runtime Environment Microsoft-8035246 (17.0.8+7) (build 17.0.8+7-LTS)
# Java VM: OpenJDK 64-Bit Server VM Microsoft-8035246 (17.0.8+7-LTS, mixed mode, sharing, tiered, compressed oops, compressed class ptrs, g1 gc, windows-amd64)
GC Precious Log:
 CPUs: 8 total, 8 available
 Memory: 7865M
 Large Page Support: Disabled
 NUMA Support: Disabled
 Compressed Oops: Enabled (32-bit)
 Heap Region Size: 1M
 Heap Min Capacity: 8M
 Heap Initial Capacity: 124M
 Heap Max Capacity: 2G
 Pre-touch: Disabled
 Parallel Workers: 8
 Concurrent Workers: 2
 Concurrent Refinement Workers: 8
 Periodic GC: Disabled
Heap:
 garbage-first heap   total 390144K, used 265808K [0x0000000080000000, 0x0000000100000000)
  region size 1024K, 109 young (111616K), 13 survivors (13312K)
 Metaspace       used 99261K, committed 100416K, reserved 557056K
  class space    used 13934K, committed 14464K, reserved 425984K
GC Heap History (20 events):
Event: 32.392 GC heap before
{Heap before GC invocations=62 (full 0):
 garbage-first heap   total 205824K, used 121390K [0x0000000080000000, 0x0000000100000000)
  region size 1024K, 3 young (3072K), 2 survivors (2048K)
 Metaspace       used 87876K, committed 88704K, reserved 557056K
  class space    used 12421K, committed 12800K, reserved 425984K
}
Event: 32.394 GC heap after
{Heap after GC invocations=63 (full 0):
 garbage-first heap   total 205824K, used 121311K [0x0000000080000000, 0x0000000100000000)
  region size 1024K, 2 young (2048K), 2 survivors (2048K)
 Metaspace       used 87876K, committed 88704K, reserved 557056K
  class space    used 12421K, committed 12800K, reserved 425984K
}
Event: 33.054 GC heap before
{Heap before GC invocations=64 (full 0):
 garbage-first heap   total 209920K, used 152031K [0x0000000080000000, 0x0000000100000000)
  region size 1024K, 31 young (31744K), 2 survivors (2048K)
 Metaspace       used 88236K, committed 89152K, reserved 557056K
  class space    used 12465K, committed 12864K, reserved 425984K
}
Event: 33.060 GC heap after
{Heap after GC invocations=65 (full 0):
 garbage-first heap   total 209920K, used 130552K [0x0000000080000000, 0x0000000100000000)
  region size 1024K, 4 young (4096K), 4 survivors (4096K)
 Metaspace       used 88236K, committed 89152K, reserved 557056K
  class space    used 12465K, committed 12864K, reserved 425984K
}
Event: 33.225 GC heap before
{Heap before GC invocations=65 (full 0):
 garbage-first heap   total 209920K, used 136696K [0x0000000080000000, 0x0000000100000000)
  region size 1024K, 10 young (10240K), 4 survivors (4096K)
 Metaspace       used 88302K, committed 89344K, reserved 557056K
  class space    used 12472K, committed 12928K, reserved 425984K
}
Event: 33.230 GC heap after
{Heap after GC invocations=66 (full 0):
 garbage-first heap   total 209920K, used 132210K [0x0000000080000000, 0x0000000100000000)
  region size 1024K, 2 young (2048K), 2 survivors (2048K)
 Metaspace       used 88302K, committed 89344K, reserved 557056K
  class space    used 12472K, committed 12928K, reserved 425984K
}
Event: 33.399 GC heap before
{Heap before GC invocations=66 (full 0):
 garbage-first heap   total 209920K, used 144498K [0x0000000080000000, 0x0000000100000000)
  region size 1024K, 15 young (15360K), 2 survivors (2048K)
 Metaspace       used 88386K, committed 89408K, reserved 557056K
  class space    used 12479K, committed 12928K, reserved 425984K
}
Event: 33.403 GC heap after
{Heap after GC invocations=67 (full 0):
 garbage-first heap   total 209920K, used 133501K [0x0000000080000000, 0x0000000100000000)
  region size 1024K, 3 young (3072K), 3 survivors (3072K)
 Metaspace       used 88386K, committed 89408K, reserved 557056K
  class space    used 12479K, committed 12928K, reserved 425984K
}
Event: 33.990 GC heap before
{Heap before GC invocations=68 (full 0):
 garbage-first heap   total 232448K, used 164221K [0x0000000080000000, 0x0000000100000000)
  region size 1024K, 31 young (31744K), 3 survivors (3072K)
 Metaspace       used 88643K, committed 89664K, reserved 557056K
  class space    used 12513K, committed 12992K, reserved 425984K
}
Event: 33.998 GC heap after
{Heap after GC invocations=69 (full 0):
 garbage-first heap   total 232448K, used 144478K [0x0000000080000000, 0x0000000100000000)
  region size 1024K, 4 young (4096K), 4 survivors (4096K)
 Metaspace       used 88643K, committed 89664K, reserved 557056K
  class space    used 12513K, committed 12992K, reserved 425984K
}
Event: 34.107 GC heap before
{Heap before GC invocations=69 (full 0):
 garbage-first heap   total 232448K, used 150622K [0x0000000080000000, 0x0000000100000000)
  region size 1024K, 11 young (11264K), 4 survivors (4096K)
 Metaspace       used 88779K, committed 89792K, reserved 557056K
  class space    used 12533K, committed 12992K, reserved 425984K
}
Event: 34.113 GC heap after
{Heap after GC invocations=70 (full 0):
 garbage-first heap   total 232448K, used 145506K [0x0000000080000000, 0x0000000100000000)
  region size 1024K, 2 young (2048K), 2 survivors (2048K)
 Metaspace       used 88779K, committed 89792K, reserved 557056K
  class space    used 12533K, committed 12992K, reserved 425984K
}
Event: 34.594 GC heap before
{Heap before GC invocations=70 (full 0):
 garbage-first heap   total 232448K, used 177250K [0x0000000080000000, 0x0000000100000000)
  region size 1024K, 33 young (33792K), 2 survivors (2048K)
 Metaspace       used 89698K, committed 90752K, reserved 557056K
  class space    used 12641K, committed 13120K, reserved 425984K
}
Event: 34.601 GC heap after
{Heap after GC invocations=71 (full 0):
 garbage-first heap   total 390144K, used 150433K [0x0000000080000000, 0x0000000100000000)
  region size 1024K, 5 young (5120K), 5 survivors (5120K)
 Metaspace       used 89698K, committed 90752K, reserved 557056K
  class space    used 12641K, committed 13120K, reserved 425984K
}
Event: 36.439 GC heap before
{Heap before GC invocations=72 (full 0):
 garbage-first heap   total 390144K, used 244641K [0x0000000080000000, 0x0000000100000000)
  region size 1024K, 97 young (99328K), 5 survivors (5120K)
 Metaspace       used 96428K, committed 97472K, reserved 557056K
  class space    used 13564K, committed 14080K, reserved 425984K
}
Event: 36.452 GC heap after
{Heap after GC invocations=73 (full 0):
 garbage-first heap   total 390144K, used 157588K [0x0000000080000000, 0x0000000100000000)
  region size 1024K, 12 young (12288K), 12 survivors (12288K)
 Metaspace       used 96428K, committed 97472K, reserved 557056K
  class space    used 13564K, committed 14080K, reserved 425984K
}
Event: 36.607 GC heap before
{Heap before GC invocations=73 (full 0):
 garbage-first heap   total 390144K, used 164756K [0x0000000080000000, 0x0000000100000000)
  region size 1024K, 19 young (19456K), 12 survivors (12288K)
 Metaspace       used 96653K, committed 97728K, reserved 557056K
  class space    used 13592K, committed 14080K, reserved 425984K
}
Event: 36.616 GC heap after
{Heap after GC invocations=74 (full 0):
 garbage-first heap   total 390144K, used 158759K [0x0000000080000000, 0x0000000100000000)
  region size 1024K, 3 young (3072K), 3 survivors (3072K)
 Metaspace       used 96653K, committed 97728K, reserved 557056K
  class space    used 13592K, committed 14080K, reserved 425984K
}
Event: 38.134 GC heap before
{Heap before GC invocations=74 (full 0):
 garbage-first heap   total 390144K, used 277543K [0x0000000080000000, 0x0000000100000000)
  region size 1024K, 119 young (121856K), 3 survivors (3072K)
 Metaspace       used 98628K, committed 99840K, reserved 557056K
  class space    used 13876K, committed 14400K, reserved 425984K
}
Event: 38.146 GC heap after
{Heap after GC invocations=75 (full 0):
 garbage-first heap   total 390144K, used 169552K [0x0000000080000000, 0x0000000100000000)
  region size 1024K, 13 young (13312K), 13 survivors (13312K)
 Metaspace       used 98628K, committed 99840K, reserved 557056K
  class space    used 13876K, committed 14400K, reserved 425984K
}

